<?xml version="1.0" encoding="UTF-8"?>
<!-- Generated by org.testng.reporters.JUnitReportReporter -->
<testsuite hostname="ATLANTISPC-274" name="com.qtpselenium.com.qtpselenium.test.NewTest" tests="1" failures="0" timestamp="17 May 2016 12:10:42 GMT" time="58.200" errors="0">
  <testcase name="f" time="58.200" classname="com.qtpselenium.com.qtpselenium.test.NewTest"/>
</testsuite> <!-- com.qtpselenium.com.qtpselenium.test.NewTest -->
